
4/13/2016, 4:07:13 PM

Operating System
  Name                        = Mac OS X
  Version                     = 10.11.1
  Architecture                = 64bit
  # CPUs                      = 4
  Memory                      = 4294967296

Node.js
  Node.js Version             = 0.12.7
  npm Version                 = 2.11.3

Titanium CLI
  CLI Version                 = 5.0.6

Titanium SDK
  SDK Version                 = 5.1.1.GA
  SDK Path                    = /Users/PUNEET/Library/Application Support/Titanium/mobilesdk/osx/5.1.1.GA
  Target Platform             = android

Command
  /usr/local/bin/node /Users/PUNEET/.appcelerator/install/5.2.0/package/node_modules/titanium/lib/titanium.js build run --platform android --log-level trace --sdk 5.1.1.GA --project-dir /Users/PUNEET/Documents/Appcelerator_Studio_Workspace/container --target device --android-sdk /Users/PUNEET/Desktop/android-sdk-macosx --device-id 6448ceeb --skip-js-minify --no-colors --no-progress-bars --no-prompt --prompt-type socket-bundle --prompt-port 54082 --config-file /var/folders/z6/rmxg2k2j6_gdch8_mwbqy19w0000gn/T/build-1460577994232.json --no-banner --project-dir /Users/PUNEET/Documents/Appcelerator_Studio_Workspace/container

[DEBUG]  Detecting modules in /Users/PUNEET/Library/Application Support/Titanium/modules
[DEBUG]  Detected android module: com.shareourideas.locale 0.1 @ /Users/PUNEET/Library/Application Support/Titanium/modules/android/com.shareourideas.locale/0.1
[DEBUG]  Detected android module: facebook 4.0.5 @ /Users/PUNEET/Library/Application Support/Titanium/modules/android/facebook/4.0.5
[DEBUG]  Detected android module: facebook 5.0.0 @ /Users/PUNEET/Library/Application Support/Titanium/modules/android/facebook/5.0.0
[DEBUG]  Detected android module: ti.cloudpush 3.4.0 @ /Users/PUNEET/Library/Application Support/Titanium/modules/android/ti.cloudpush/3.4.0
[DEBUG]  Detected android module: ti.cloudpush 3.4.1 @ /Users/PUNEET/Library/Application Support/Titanium/modules/android/ti.cloudpush/3.4.1
[DEBUG]  Detected android module: ti.map 2.3.4 @ /Users/PUNEET/Library/Application Support/Titanium/modules/android/ti.map/2.3.4
[DEBUG]  Detected android module: ti.map 2.3.6 @ /Users/PUNEET/Library/Application Support/Titanium/modules/android/ti.map/2.3.6
[DEBUG]  Detected commonjs module: ti.cloud 3.2.10 @ /Users/PUNEET/Library/Application Support/Titanium/modules/commonjs/ti.cloud/3.2.10
[DEBUG]  Detected commonjs module: ti.cloud 3.2.9 @ /Users/PUNEET/Library/Application Support/Titanium/modules/commonjs/ti.cloud/3.2.9
[DEBUG]  Detected iphone module: com.appcelerator.urlSession 2.0.0 @ /Users/PUNEET/Library/Application Support/Titanium/modules/iphone/com.appcelerator.urlSession/2.0.0
[DEBUG]  Detected iphone module: facebook 4.0.5 @ /Users/PUNEET/Library/Application Support/Titanium/modules/iphone/facebook/4.0.5
[DEBUG]  Detected iphone module: facebook 5.0.1 @ /Users/PUNEET/Library/Application Support/Titanium/modules/iphone/facebook/5.0.1
[DEBUG]  Detected iphone module: ti.coremotion 1.1.0 @ /Users/PUNEET/Library/Application Support/Titanium/modules/iphone/ti.coremotion/1.1.0
[DEBUG]  Detected iphone module: ti.coremotion 2.0.0 @ /Users/PUNEET/Library/Application Support/Titanium/modules/iphone/ti.coremotion/2.0.0
[DEBUG]  Detected iphone module: ti.map 2.4.1 @ /Users/PUNEET/Library/Application Support/Titanium/modules/iphone/ti.map/2.4.1
[DEBUG]  Detected iphone module: ti.map 2.5.2 @ /Users/PUNEET/Library/Application Support/Titanium/modules/iphone/ti.map/2.5.2
[DEBUG]  Detected iphone module: ti.safaridialog 1.0.2 @ /Users/PUNEET/Library/Application Support/Titanium/modules/iphone/ti.safaridialog/1.0.2
[DEBUG]  Detected iphone module: ti.safaridialog 1.0.3 @ /Users/PUNEET/Library/Application Support/Titanium/modules/iphone/ti.safaridialog/1.0.3
[DEBUG]  Detected iphone module: ti.safaridialog 1.0.5 @ /Users/PUNEET/Library/Application Support/Titanium/modules/iphone/ti.safaridialog/1.0.5
[DEBUG]  Detected iphone module: ti.touchid 1.2.0 @ /Users/PUNEET/Library/Application Support/Titanium/modules/iphone/ti.touchid/1.2.0
[DEBUG]  No project level plugins to load
[TRACE]  Snapshotting build directory
[DEBUG]  Titanium SDK Android directory: /Users/PUNEET/Library/Application Support/Titanium/mobilesdk/osx/5.1.1.GA/android
[INFO]   Deploy type: test
[INFO]   Building for target: device
[INFO]   Building for device: 6448ceeb
[INFO]   Targeting Android SDK API: 23
[INFO]   Building for the following architectures: armeabi, armeabi-v7a, x86
[INFO]   Signing with keystore: /Users/PUNEET/Library/Application Support/Titanium/mobilesdk/osx/5.1.1.GA/android/dev_keystore (tidev)
[DEBUG]  App ID: com.bindra.com
[DEBUG]  Classname: Container
[INFO]   Debugging disabled
[INFO]   Profiler disabled
[INFO]   Forcing rebuild: JavaScript files need to be re-encrypted
[TRACE]  offline build file /var/folders/z6/rmxg2k2j6_gdch8_mwbqy19w0000gn/T/build-75d119bcdcdde6249d2b94a9252b99291a44a575.json
[TRACE]  online 1
[TRACE]  sending request {"json":{"username":"puneet9.bindra@gmail.com","session":"d096ebfdee6ecb1f1f05692a33b6fd0078fd0ed7 ASC6jkmUT7uL6RkRceXEmgDxqgfihyXwnhcaDHFhPGcrHPj4p+rJKV0ROQ0vHf0oDLhUAxzM29VPuN22zzo9e6fZf4gVH/pbl8YQ9L3FhikgxszH4nsTEyQ4TCtz7Fca/puzeHCBaUELGlO5s2ghPU+iYYCu1+Dy4mY9gZfm0eA9oVVrJgwbTJ/dEhRRdxW/RnPDVINZ18vgHIOABz+xRBvTFlURD3xLTDcqHHFvRswgKo2QITANOgV5ZTLpb0rAmlmtW8C2Dsd4QWQlSylqIgp0eG3eCZGGzV1IzrvNdr0oNs9LksGYx1S6NmtdbHl8ymQzRagfM1l0s7zXsxuAyJH46G0g258IJfMiAxUDJfA0qxuVDIf0Xf/4Ckf9VSLE+rrdBAU/7vVmrfRr6+QCVbUFCLHrhootC4cWUWla1XmFAiwggV14v2zkSQCAMIIk4ATcNfYiiFh4bYsTsUtOP4mNxVsqe0rKm2G1xWsI2bn96hs9AjRriCuWGDBR/boTdqrtQwFChCZviaNHZGca39Jz6PCXXuaWZUMu+WlYXwZpTSHPzI/3mMGNSSQ09PDv029cZdOU6ApOzkhlekt+wxVJJmm0gDw7izRNtEg82A6ynj05KvZ9++RiXdwAyQnNX1t6Mpx8xq2cCZkUxRv/i9zZgUjmzhgh2UnfontCPkOmL9CWLQk0ngWUCA6eJhYlAEDyCm3wYSXhnYw54gNISoLLnbHuFopSkHU1RLXmG58sxKrBuD/+PDuQcGS8zmuRrjDA4F38hLA1nkszAyBH0FBsBSJ/d+QilwTItEz59dg=","ipaddress":"192.168.0.29","fingerprint":"b603ac3ee047f2b770a0ddff25741b8df92a9bc1","fingerprint_description":"Mac OSX Serial Number: C1MMF6PLDTY3","guid":"82028735-dba3-4341-9ddd-93a4f8828358","appid":"com.bindra.com","name":"container","org_id":100087930,"deploytype":"test","tiappxml":"<?xml version=\"1.0\" encoding=\"UTF-8\"?>\n<ti:app \n  xmlns:ti=\"http://ti.appcelerator.org\">\n  <id>com.bindra.com</id>\n  <name>container</name>\n  <version>1.0</version>\n  <publisher>PUNEET</publisher>\n  <url/>\n  <description/>\n  <copyright>2016 by PUNEET</copyright>\n  <icon>appicon.png</icon>\n  <fullscreen>false</fullscreen>\n  <navbar-hidden>false</navbar-hidden>\n  <analytics>true</analytics>\n  <guid>82028735-dba3-4341-9ddd-93a4f8828358</guid>\n  <property name=\"ti.ui.defaultunit\" type=\"string\">dp</property>\n  <ios>\n    <plist>\n      <dict>\n        <key>UISupportedInterfaceOrientations~iphone</key>\n        <array>\n          <string>UIInterfaceOrientationPortrait</string>\n        </array>\n        <key>UISupportedInterfaceOrientations~ipad</key>\n        <array>\n          <string>UIInterfaceOrientationPortrait</string>\n          <string>UIInterfaceOrientationPortraitUpsideDown</string>\n          <string>UIInterfaceOrientationLandscapeLeft</string>\n          <string>UIInterfaceOrientationLandscapeRight</string>\n        </array>\n        <key>UIRequiresPersistentWiFi</key>\n        <false/>\n        <key>UIPrerenderedIcon</key>\n        <false/>\n        <key>UIStatusBarHidden</key>\n        <false/>\n        <key>UIStatusBarStyle</key>\n        <string>UIStatusBarStyleDefault</string>\n      </dict>\n    </plist>\n  </ios>\n  <android \n    xmlns:android=\"http://schemas.android.com/apk/res/android\"/>\n    <mobileweb>\n      <precache/>\n      <splash>\n        <enabled>true</enabled>\n        <inline-css-images>true</inline-css-images>\n      </splash>\n      <theme>default</theme>\n    </mobileweb>\n    <modules/>\n    <deployment-targets>\n      <target device=\"android\">true</target>\n      <target device=\"ipad\">true</target>\n      <target device=\"iphone\">true</target>\n      <target device=\"mobileweb\">true</target>\n      <target device=\"windows\">false</target>\n    </deployment-targets>\n    <sdk-version>5.1.1.GA</sdk-version>\n    <property name=\"appc-app-id\" type=\"string\">570c98e97016d707238b41b9</property>\n  </ti:app>","modules":[]},"gzip":true,"followAllRedirects":true,"url":"https://security.appcelerator.com/build-verify"}
[TRACE]  result from /build-verify=> {"key":"rjmNZZ+46GwQGBYFcciYDA==","pepper":"ci3lW3KGHy0RX2qKAEyGzw==","hmacKey":"PDWL21u7VA0JDk+Rtn9JrQ==","o":100087930,"u":"fa6568c0-569c-4c76-a70c-7f587f480238","p":"free","i":"570ea6f3f2082b090c4e9d81","success":true}, err=null
[INFO]   JavaScript files need to be encrypted
[DEBUG]  Copying /Users/PUNEET/Documents/Appcelerator_Studio_Workspace/container/Resources
[WARN]   Overwriting file /Users/PUNEET/Documents/Appcelerator_Studio_Workspace/container/build/android/bin/assets/Resources/KS_nav_ui.png
[DEBUG]  Symlinking /Users/PUNEET/Documents/Appcelerator_Studio_Workspace/container/Resources/KS_nav_ui.png => /Users/PUNEET/Documents/Appcelerator_Studio_Workspace/container/build/android/bin/assets/Resources/KS_nav_ui.png
[WARN]   Overwriting file /Users/PUNEET/Documents/Appcelerator_Studio_Workspace/container/build/android/bin/assets/Resources/KS_nav_views.png
[DEBUG]  Symlinking /Users/PUNEET/Documents/Appcelerator_Studio_Workspace/container/Resources/KS_nav_views.png => /Users/PUNEET/Documents/Appcelerator_Studio_Workspace/container/build/android/bin/assets/Resources/KS_nav_views.png
[DEBUG]  Ignoring /Users/PUNEET/Documents/Appcelerator_Studio_Workspace/container/Resources/android
[DEBUG]  Ignoring /Users/PUNEET/Documents/Appcelerator_Studio_Workspace/container/Resources/iphone
[DEBUG]  Ignoring /Users/PUNEET/Documents/Appcelerator_Studio_Workspace/container/Resources/mobileweb
[DEBUG]  Copying /Users/PUNEET/Documents/Appcelerator_Studio_Workspace/container/Resources/android
[WARN]   Overwriting file /Users/PUNEET/Documents/Appcelerator_Studio_Workspace/container/build/android/bin/assets/Resources/appicon.png
[DEBUG]  Symlinking /Users/PUNEET/Documents/Appcelerator_Studio_Workspace/container/Resources/android/appicon.png => /Users/PUNEET/Documents/Appcelerator_Studio_Workspace/container/build/android/bin/assets/Resources/appicon.png
[DEBUG]  Symlinking /Users/PUNEET/Documents/Appcelerator_Studio_Workspace/container/Resources/android/default.png => /Users/PUNEET/Documents/Appcelerator_Studio_Workspace/container/build/android/res/drawable/background.png
[DEBUG]  Symlinking /Users/PUNEET/Documents/Appcelerator_Studio_Workspace/container/Resources/android/images/res-long-land-hdpi/default.png => /Users/PUNEET/Documents/Appcelerator_Studio_Workspace/container/build/android/res/drawable-long-land-hdpi/background.png
[DEBUG]  Symlinking /Users/PUNEET/Documents/Appcelerator_Studio_Workspace/container/Resources/android/images/res-long-land-ldpi/default.png => /Users/PUNEET/Documents/Appcelerator_Studio_Workspace/container/build/android/res/drawable-long-land-ldpi/background.png
[DEBUG]  Symlinking /Users/PUNEET/Documents/Appcelerator_Studio_Workspace/container/Resources/android/images/res-long-port-hdpi/default.png => /Users/PUNEET/Documents/Appcelerator_Studio_Workspace/container/build/android/res/drawable-long-port-hdpi/background.png
[DEBUG]  Symlinking /Users/PUNEET/Documents/Appcelerator_Studio_Workspace/container/Resources/android/images/res-long-port-ldpi/default.png => /Users/PUNEET/Documents/Appcelerator_Studio_Workspace/container/build/android/res/drawable-long-port-ldpi/background.png
[DEBUG]  Symlinking /Users/PUNEET/Documents/Appcelerator_Studio_Workspace/container/Resources/android/images/res-notlong-land-hdpi/default.png => /Users/PUNEET/Documents/Appcelerator_Studio_Workspace/container/build/android/res/drawable-notlong-land-hdpi/background.png
[DEBUG]  Symlinking /Users/PUNEET/Documents/Appcelerator_Studio_Workspace/container/Resources/android/images/res-notlong-land-ldpi/default.png => /Users/PUNEET/Documents/Appcelerator_Studio_Workspace/container/build/android/res/drawable-notlong-land-ldpi/background.png
[DEBUG]  Symlinking /Users/PUNEET/Documents/Appcelerator_Studio_Workspace/container/Resources/android/images/res-notlong-land-mdpi/default.png => /Users/PUNEET/Documents/Appcelerator_Studio_Workspace/container/build/android/res/drawable-notlong-land-mdpi/background.png
[DEBUG]  Symlinking /Users/PUNEET/Documents/Appcelerator_Studio_Workspace/container/Resources/android/images/res-notlong-port-hdpi/default.png => /Users/PUNEET/Documents/Appcelerator_Studio_Workspace/container/build/android/res/drawable-notlong-port-hdpi/background.png
[DEBUG]  Symlinking /Users/PUNEET/Documents/Appcelerator_Studio_Workspace/container/Resources/android/images/res-notlong-port-ldpi/default.png => /Users/PUNEET/Documents/Appcelerator_Studio_Workspace/container/build/android/res/drawable-notlong-port-ldpi/background.png
[DEBUG]  Symlinking /Users/PUNEET/Documents/Appcelerator_Studio_Workspace/container/Resources/android/images/res-notlong-port-mdpi/default.png => /Users/PUNEET/Documents/Appcelerator_Studio_Workspace/container/build/android/res/drawable-notlong-port-mdpi/background.png
[DEBUG]  Symlinking /Users/PUNEET/Documents/Appcelerator_Studio_Workspace/container/build/android/bin/assets/Resources/appicon.png => /Users/PUNEET/Documents/Appcelerator_Studio_Workspace/container/build/android/res/drawable/appicon.png
[INFO]   Processing JavaScript files
[DEBUG]  Symlinking /Users/PUNEET/Documents/Appcelerator_Studio_Workspace/container/Resources/app.js => /Users/PUNEET/Documents/Appcelerator_Studio_Workspace/container/build/android/assets/app.js
[DEBUG]  Symlinking /Users/PUNEET/Documents/Appcelerator_Studio_Workspace/container/Resources/global.js => /Users/PUNEET/Documents/Appcelerator_Studio_Workspace/container/build/android/assets/global.js
[DEBUG]  Symlinking /Users/PUNEET/Documents/Appcelerator_Studio_Workspace/container/Resources/views/calculator.js => /Users/PUNEET/Documents/Appcelerator_Studio_Workspace/container/build/android/assets/views/calculator.js
[INFO]   Encrypting JavaScript files: /Users/PUNEET/Library/Application Support/Titanium/mobilesdk/osx/5.1.1.GA/android/titanium_prep.macos "com.bindra.com" "/Users/PUNEET/Documents/Appcelerator_Studio_Workspace/container/build/android/assets" "app.js" "global.js" "views/calculator.js" "_app_props_.json"
[DEBUG]  Adding library /Users/PUNEET/Library/Application Support/Titanium/mobilesdk/osx/5.1.1.GA/android/kroll-v8.jar
[DEBUG]  Adding library /Users/PUNEET/Library/Application Support/Titanium/mobilesdk/osx/5.1.1.GA/android/modules/titanium-analytics.jar
[DEBUG]  Adding dependency library /Users/PUNEET/Library/Application Support/Titanium/mobilesdk/osx/5.1.1.GA/android/aps-analytics.jar
[DEBUG]  Adding library /Users/PUNEET/Library/Application Support/Titanium/mobilesdk/osx/5.1.1.GA/android/modules/titanium-android.jar
[DEBUG]  Adding dependency library /Users/PUNEET/Library/Application Support/Titanium/mobilesdk/osx/5.1.1.GA/android/jaxen-1.1.1.jar
[DEBUG]  Adding dependency library /Users/PUNEET/Library/Application Support/Titanium/mobilesdk/osx/5.1.1.GA/android/ti-commons-codec-1.3.jar
[DEBUG]  Adding dependency library /Users/PUNEET/Library/Application Support/Titanium/mobilesdk/osx/5.1.1.GA/android/kroll-common.jar
[DEBUG]  Adding dependency library /Users/PUNEET/Library/Application Support/Titanium/mobilesdk/osx/5.1.1.GA/android/titanium.jar
[DEBUG]  Adding library /Users/PUNEET/Library/Application Support/Titanium/mobilesdk/osx/5.1.1.GA/android/modules/titanium-app.jar
[DEBUG]  Adding library /Users/PUNEET/Library/Application Support/Titanium/mobilesdk/osx/5.1.1.GA/android/modules/titanium-ui.jar
[DEBUG]  Adding dependency library /Users/PUNEET/Library/Application Support/Titanium/mobilesdk/osx/5.1.1.GA/android/nineoldandroids-appc-2.4.0.jar
[DEBUG]  Adding library /Users/PUNEET/Library/Application Support/Titanium/mobilesdk/osx/5.1.1.GA/android/modules/titanium-filesystem.jar
[DEBUG]  Adding library /Users/PUNEET/Library/Application Support/Titanium/mobilesdk/osx/5.1.1.GA/android/modules/titanium-media.jar
[DEBUG]  Adding library /Users/PUNEET/Library/Application Support/Titanium/mobilesdk/osx/5.1.1.GA/android/modules/titanium-appcompat.jar
[DEBUG]  Adding dependency library /Users/PUNEET/Library/Application Support/Titanium/mobilesdk/osx/5.1.1.GA/android/android-support-v4.jar
[DEBUG]  Adding dependency library /Users/PUNEET/Library/Application Support/Titanium/mobilesdk/osx/5.1.1.GA/android/android-support-v7-appcompat.jar
[DEBUG]  Adding library /Users/PUNEET/Library/Application Support/Titanium/mobilesdk/osx/5.1.1.GA/android/modules/titanium-cardview.jar
[DEBUG]  Adding dependency library /Users/PUNEET/Library/Application Support/Titanium/mobilesdk/osx/5.1.1.GA/android/cardview-v7-23.0.1.jar
[DEBUG]  Adding library /Users/PUNEET/Library/Application Support/Titanium/mobilesdk/osx/5.1.1.GA/android/modules/titanium-locale.jar
[DEBUG]  Adding library /Users/PUNEET/Library/Application Support/Titanium/mobilesdk/osx/5.1.1.GA/android/modules/titanium-network.jar
[DEBUG]  Adding library /Users/PUNEET/Library/Application Support/Titanium/mobilesdk/osx/5.1.1.GA/android/modules/titanium-xml.jar
[DEBUG]  Adding library /Users/PUNEET/Library/Application Support/Titanium/mobilesdk/osx/5.1.1.GA/android/modules/titanium-platform.jar
[DEBUG]  Unknown namespace ui.iphone, skipping
[INFO]   Writing /Users/PUNEET/Documents/Appcelerator_Studio_Workspace/container/build/android/bin/assets/app.json
[INFO]   Extracting module resources: /Users/PUNEET/Library/Application Support/Titanium/mobilesdk/osx/5.1.1.GA/android/modules/titanium-analytics.res.zip
[DEBUG]  Copying /var/folders/z6/rmxg2k2j6_gdch8_mwbqy19w0000gn/T/116313-59321-13omzkb/res/values/strings.xml => /Users/PUNEET/Documents/Appcelerator_Studio_Workspace/container/build/android/res/values/strings.xml
[INFO]   Extracting module resources: /Users/PUNEET/Library/Application Support/Titanium/mobilesdk/osx/5.1.1.GA/android/modules/titanium-android.res.zip
[DEBUG]  Merging /var/folders/z6/rmxg2k2j6_gdch8_mwbqy19w0000gn/T/116313-59321-5zb7qq/res/values/strings.xml => /Users/PUNEET/Documents/Appcelerator_Studio_Workspace/container/build/android/res/values/strings.xml
[INFO]   Extracting module resources: /Users/PUNEET/Library/Application Support/Titanium/mobilesdk/osx/5.1.1.GA/android/modules/titanium-app.res.zip
[DEBUG]  Merging /var/folders/z6/rmxg2k2j6_gdch8_mwbqy19w0000gn/T/116313-59321-1e4tq06/res/values/strings.xml => /Users/PUNEET/Documents/Appcelerator_Studio_Workspace/container/build/android/res/values/strings.xml
[INFO]   Extracting module resources: /Users/PUNEET/Library/Application Support/Titanium/mobilesdk/osx/5.1.1.GA/android/modules/titanium-filesystem.res.zip
[DEBUG]  Merging /var/folders/z6/rmxg2k2j6_gdch8_mwbqy19w0000gn/T/116313-59321-1h3wyy/res/values/strings.xml => /Users/PUNEET/Documents/Appcelerator_Studio_Workspace/container/build/android/res/values/strings.xml
[INFO]   Extracting module resources: /Users/PUNEET/Library/Application Support/Titanium/mobilesdk/osx/5.1.1.GA/android/modules/titanium-media.res.zip
[DEBUG]  Merging /var/folders/z6/rmxg2k2j6_gdch8_mwbqy19w0000gn/T/116313-59321-1c0r3a5/res/values/strings.xml => /Users/PUNEET/Documents/Appcelerator_Studio_Workspace/container/build/android/res/values/strings.xml
[INFO]   Extracting module resources: /Users/PUNEET/Library/Application Support/Titanium/mobilesdk/osx/5.1.1.GA/android/modules/titanium-locale.res.zip
[DEBUG]  Merging /var/folders/z6/rmxg2k2j6_gdch8_mwbqy19w0000gn/T/116313-59321-14vde6h/res/values/strings.xml => /Users/PUNEET/Documents/Appcelerator_Studio_Workspace/container/build/android/res/values/strings.xml
[INFO]   Extracting module resources: /Users/PUNEET/Library/Application Support/Titanium/mobilesdk/osx/5.1.1.GA/android/modules/titanium-network.res.zip
[DEBUG]  Merging /var/folders/z6/rmxg2k2j6_gdch8_mwbqy19w0000gn/T/116313-59321-pda6j4/res/values/strings.xml => /Users/PUNEET/Documents/Appcelerator_Studio_Workspace/container/build/android/res/values/strings.xml
[INFO]   Extracting module resources: /Users/PUNEET/Library/Application Support/Titanium/mobilesdk/osx/5.1.1.GA/android/modules/titanium-xml.res.zip
[DEBUG]  Merging /var/folders/z6/rmxg2k2j6_gdch8_mwbqy19w0000gn/T/116313-59321-m4mzjl/res/values/strings.xml => /Users/PUNEET/Documents/Appcelerator_Studio_Workspace/container/build/android/res/values/strings.xml
[INFO]   Extracting module resources: /Users/PUNEET/Library/Application Support/Titanium/mobilesdk/osx/5.1.1.GA/android/modules/titanium-platform.res.zip
[DEBUG]  Merging /var/folders/z6/rmxg2k2j6_gdch8_mwbqy19w0000gn/T/116313-59321-14aszu7/res/values/strings.xml => /Users/PUNEET/Documents/Appcelerator_Studio_Workspace/container/build/android/res/values/strings.xml
[DEBUG]  Removing old file: /Users/PUNEET/Documents/Appcelerator_Studio_Workspace/container/build/android/.classpath
[DEBUG]  Removing old file: /Users/PUNEET/Documents/Appcelerator_Studio_Workspace/container/build/android/.gitignore
[DEBUG]  Removing old file: /Users/PUNEET/Documents/Appcelerator_Studio_Workspace/container/build/android/.project
[DEBUG]  Removing old file: /Users/PUNEET/Documents/Appcelerator_Studio_Workspace/container/build/android/AndroidManifest.xml
[DEBUG]  Removing old file: /Users/PUNEET/Documents/Appcelerator_Studio_Workspace/container/build/android/default.properties
[DEBUG]  Removing old file: /Users/PUNEET/Documents/Appcelerator_Studio_Workspace/container/build/android/java-sources.txt
[DEBUG]  Copying template /Users/PUNEET/Library/Application Support/Titanium/mobilesdk/osx/5.1.1.GA/android/templates/build/AppInfo.java => /Users/PUNEET/Documents/Appcelerator_Studio_Workspace/container/build/android/gen/com/bindra/com/ContainerAppInfo.java
[DEBUG]  Copying template /Users/PUNEET/Library/Application Support/Titanium/mobilesdk/osx/5.1.1.GA/android/templates/build/App.java => /Users/PUNEET/Documents/Appcelerator_Studio_Workspace/container/build/android/gen/com/bindra/com/ContainerApplication.java
[DEBUG]  Copying template /Users/PUNEET/Library/Application Support/Titanium/mobilesdk/osx/5.1.1.GA/android/templates/build/Activity.java => /Users/PUNEET/Documents/Appcelerator_Studio_Workspace/container/build/android/gen/com/bindra/com/ContainerActivity.java
[DEBUG]  Copying template /Users/PUNEET/Library/Application Support/Titanium/mobilesdk/osx/5.1.1.GA/android/templates/build/project => /Users/PUNEET/Documents/Appcelerator_Studio_Workspace/container/build/android/.project
[DEBUG]  Copying template /Users/PUNEET/Library/Application Support/Titanium/mobilesdk/osx/5.1.1.GA/android/templates/build/default.properties => /Users/PUNEET/Documents/Appcelerator_Studio_Workspace/container/build/android/default.properties
[DEBUG]  Copying /Users/PUNEET/Library/Application Support/Titanium/mobilesdk/osx/5.1.1.GA/android/templates/build/gitignore => /Users/PUNEET/Documents/Appcelerator_Studio_Workspace/container/build/android/.gitignore
[DEBUG]  Copying /Users/PUNEET/Library/Application Support/Titanium/mobilesdk/osx/5.1.1.GA/android/templates/build/classpath => /Users/PUNEET/Documents/Appcelerator_Studio_Workspace/container/build/android/.classpath
[INFO]   No aidl files to compile, continuing
[INFO]   Generating i18n files
[DEBUG]  Merging en strings => /Users/PUNEET/Documents/Appcelerator_Studio_Workspace/container/build/android/res/values/strings.xml
[INFO]   Generating /Users/PUNEET/Documents/Appcelerator_Studio_Workspace/container/build/android/res/values/theme.xml
[INFO]   Packaging application: /Users/PUNEET/Desktop/android-sdk-macosx/build-tools/23.0.3/aapt "package" "-f" "-m" "-J" "/Users/PUNEET/Documents/Appcelerator_Studio_Workspace/container/build/android/gen" "-M" "/Users/PUNEET/Documents/Appcelerator_Studio_Workspace/container/build/android/AndroidManifest.xml" "-A" "/Users/PUNEET/Documents/Appcelerator_Studio_Workspace/container/build/android/bin/assets" "-S" "/Users/PUNEET/Documents/Appcelerator_Studio_Workspace/container/build/android/res" "-I" "/Users/PUNEET/Desktop/android-sdk-macosx/platforms/android-23/android.jar" "-F" "/Users/PUNEET/Documents/Appcelerator_Studio_Workspace/container/build/android/bin/app.ap_" "--auto-add-overlay" "--extra-packages" "ti.modules.titanium.ui:android.support.v7.appcompat:android.support.v7.cardview" "-S" "/var/folders/z6/rmxg2k2j6_gdch8_mwbqy19w0000gn/T/116313-59321-medyvo/res" "-S" "/var/folders/z6/rmxg2k2j6_gdch8_mwbqy19w0000gn/T/116313-59321-nkse04/res" "-S" "/var/folders/z6/rmxg2k2j6_gdch8_mwbqy19w0000gn/T/116313-59321-odkel7/res"
[INFO]   Building Java source files: /Library/Java/JavaVirtualMachines/jdk1.7.0_80.jdk/Contents/Home/bin/javac "-J-Xmx1024M" "-encoding" "utf8" "-bootclasspath" "/Users/PUNEET/Desktop/android-sdk-macosx/platforms/android-23/android.jar:/Users/PUNEET/Library/Application Support/Titanium/mobilesdk/osx/5.1.1.GA/android/kroll-v8.jar:/Users/PUNEET/Library/Application Support/Titanium/mobilesdk/osx/5.1.1.GA/android/modules/titanium-analytics.jar:/Users/PUNEET/Library/Application Support/Titanium/mobilesdk/osx/5.1.1.GA/android/aps-analytics.jar:/Users/PUNEET/Library/Application Support/Titanium/mobilesdk/osx/5.1.1.GA/android/modules/titanium-android.jar:/Users/PUNEET/Library/Application Support/Titanium/mobilesdk/osx/5.1.1.GA/android/jaxen-1.1.1.jar:/Users/PUNEET/Library/Application Support/Titanium/mobilesdk/osx/5.1.1.GA/android/ti-commons-codec-1.3.jar:/Users/PUNEET/Library/Application Support/Titanium/mobilesdk/osx/5.1.1.GA/android/kroll-common.jar:/Users/PUNEET/Library/Application Support/Titanium/mobilesdk/osx/5.1.1.GA/android/titanium.jar:/Users/PUNEET/Library/Application Support/Titanium/mobilesdk/osx/5.1.1.GA/android/modules/titanium-app.jar:/Users/PUNEET/Library/Application Support/Titanium/mobilesdk/osx/5.1.1.GA/android/modules/titanium-ui.jar:/Users/PUNEET/Library/Application Support/Titanium/mobilesdk/osx/5.1.1.GA/android/nineoldandroids-appc-2.4.0.jar:/Users/PUNEET/Library/Application Support/Titanium/mobilesdk/osx/5.1.1.GA/android/modules/titanium-filesystem.jar:/Users/PUNEET/Library/Application Support/Titanium/mobilesdk/osx/5.1.1.GA/android/modules/titanium-media.jar:/Users/PUNEET/Library/Application Support/Titanium/mobilesdk/osx/5.1.1.GA/android/modules/titanium-appcompat.jar:/Users/PUNEET/Library/Application Support/Titanium/mobilesdk/osx/5.1.1.GA/android/android-support-v4.jar:/Users/PUNEET/Library/Application Support/Titanium/mobilesdk/osx/5.1.1.GA/android/android-support-v7-appcompat.jar:/Users/PUNEET/Library/Application Support/Titanium/mobilesdk/osx/5.1.1.GA/android/modules/titanium-cardview.jar:/Users/PUNEET/Library/Application Support/Titanium/mobilesdk/osx/5.1.1.GA/android/cardview-v7-23.0.1.jar:/Users/PUNEET/Library/Application Support/Titanium/mobilesdk/osx/5.1.1.GA/android/modules/titanium-locale.jar:/Users/PUNEET/Library/Application Support/Titanium/mobilesdk/osx/5.1.1.GA/android/modules/titanium-network.jar:/Users/PUNEET/Library/Application Support/Titanium/mobilesdk/osx/5.1.1.GA/android/modules/titanium-xml.jar:/Users/PUNEET/Library/Application Support/Titanium/mobilesdk/osx/5.1.1.GA/android/modules/titanium-platform.jar:/Users/PUNEET/Library/Application Support/Titanium/mobilesdk/osx/5.1.1.GA/android/lib/titanium-verify.jar:R.class:AssetCryptImpl.class:ContainerActivity.class:ContainerAppInfo.class:ContainerApplication.class" "-d" "/Users/PUNEET/Documents/Appcelerator_Studio_Workspace/container/build/android/bin/classes" "-proc:none" "-target" "1.6" "-source" "1.6" "@/Users/PUNEET/Documents/Appcelerator_Studio_Workspace/container/build/android/java-sources.txt"
[INFO]   Running dexer: /Library/Java/JavaVirtualMachines/jdk1.7.0_80.jdk/Contents/Home/bin/java "-Xmx1024M" "-XX:-UseGCOverheadLimit" "-Djava.ext.dirs=/Users/PUNEET/Desktop/android-sdk-macosx/platform-tools" "-jar" "/Users/PUNEET/Desktop/android-sdk-macosx/build-tools/23.0.3/lib/dx.jar" "--dex" "--output=/Users/PUNEET/Documents/Appcelerator_Studio_Workspace/container/build/android/bin/classes.dex" "/Users/PUNEET/Documents/Appcelerator_Studio_Workspace/container/build/android/bin/classes" "/Users/PUNEET/Library/Application Support/Titanium/mobilesdk/osx/5.1.1.GA/android/lib/titanium-verify.jar" "/Users/PUNEET/Library/Application Support/Titanium/mobilesdk/osx/5.1.1.GA/android/kroll-v8.jar" "/Users/PUNEET/Library/Application Support/Titanium/mobilesdk/osx/5.1.1.GA/android/modules/titanium-analytics.jar" "/Users/PUNEET/Library/Application Support/Titanium/mobilesdk/osx/5.1.1.GA/android/aps-analytics.jar" "/Users/PUNEET/Library/Application Support/Titanium/mobilesdk/osx/5.1.1.GA/android/modules/titanium-android.jar" "/Users/PUNEET/Library/Application Support/Titanium/mobilesdk/osx/5.1.1.GA/android/jaxen-1.1.1.jar" "/Users/PUNEET/Library/Application Support/Titanium/mobilesdk/osx/5.1.1.GA/android/ti-commons-codec-1.3.jar" "/Users/PUNEET/Library/Application Support/Titanium/mobilesdk/osx/5.1.1.GA/android/kroll-common.jar" "/Users/PUNEET/Library/Application Support/Titanium/mobilesdk/osx/5.1.1.GA/android/titanium.jar" "/Users/PUNEET/Library/Application Support/Titanium/mobilesdk/osx/5.1.1.GA/android/modules/titanium-app.jar" "/Users/PUNEET/Library/Application Support/Titanium/mobilesdk/osx/5.1.1.GA/android/modules/titanium-ui.jar" "/Users/PUNEET/Library/Application Support/Titanium/mobilesdk/osx/5.1.1.GA/android/nineoldandroids-appc-2.4.0.jar" "/Users/PUNEET/Library/Application Support/Titanium/mobilesdk/osx/5.1.1.GA/android/modules/titanium-filesystem.jar" "/Users/PUNEET/Library/Application Support/Titanium/mobilesdk/osx/5.1.1.GA/android/modules/titanium-media.jar" "/Users/PUNEET/Library/Application Support/Titanium/mobilesdk/osx/5.1.1.GA/android/modules/titanium-appcompat.jar" "/Users/PUNEET/Library/Application Support/Titanium/mobilesdk/osx/5.1.1.GA/android/android-support-v4.jar" "/Users/PUNEET/Library/Application Support/Titanium/mobilesdk/osx/5.1.1.GA/android/android-support-v7-appcompat.jar" "/Users/PUNEET/Library/Application Support/Titanium/mobilesdk/osx/5.1.1.GA/android/modules/titanium-cardview.jar" "/Users/PUNEET/Library/Application Support/Titanium/mobilesdk/osx/5.1.1.GA/android/cardview-v7-23.0.1.jar" "/Users/PUNEET/Library/Application Support/Titanium/mobilesdk/osx/5.1.1.GA/android/modules/titanium-locale.jar" "/Users/PUNEET/Library/Application Support/Titanium/mobilesdk/osx/5.1.1.GA/android/modules/titanium-network.jar" "/Users/PUNEET/Library/Application Support/Titanium/mobilesdk/osx/5.1.1.GA/android/modules/titanium-xml.jar" "/Users/PUNEET/Library/Application Support/Titanium/mobilesdk/osx/5.1.1.GA/android/modules/titanium-platform.jar"
[INFO]   Creating unsigned apk
[DEBUG]  Processing /Users/PUNEET/Documents/Appcelerator_Studio_Workspace/container/build/android/bin/app.ap_
[DEBUG]  Deflating AndroidManifest.xml
[DEBUG]  Adding assets/Resources/KS_nav_ui.png
[DEBUG]  Adding assets/Resources/KS_nav_views.png
[DEBUG]  Adding assets/Resources/appicon.png
[DEBUG]  Deflating assets/app.json
[DEBUG]  Deflating assets/index.json
[DEBUG]  Deflating res/anim/abc_fade_in.xml
[DEBUG]  Deflating res/anim/abc_fade_out.xml
[DEBUG]  Deflating res/anim/abc_grow_fade_in_from_bottom.xml
[DEBUG]  Deflating res/anim/abc_popup_enter.xml
[DEBUG]  Deflating res/anim/abc_popup_exit.xml
[DEBUG]  Deflating res/anim/abc_shrink_fade_out_from_bottom.xml
[DEBUG]  Deflating res/anim/abc_slide_in_bottom.xml
[DEBUG]  Deflating res/anim/abc_slide_in_top.xml
[DEBUG]  Deflating res/anim/abc_slide_out_bottom.xml
[DEBUG]  Deflating res/anim/abc_slide_out_top.xml
[DEBUG]  Deflating res/color-v11/abc_background_cache_hint_selector_material_dark.xml
[DEBUG]  Deflating res/color-v11/abc_background_cache_hint_selector_material_light.xml
[DEBUG]  Deflating res/color-v23/abc_color_highlight_material.xml
[DEBUG]  Deflating res/color/abc_background_cache_hint_selector_material_dark.xml
[DEBUG]  Deflating res/color/abc_background_cache_hint_selector_material_light.xml
[DEBUG]  Deflating res/color/abc_primary_text_disable_only_material_dark.xml
[DEBUG]  Deflating res/color/abc_primary_text_disable_only_material_light.xml
[DEBUG]  Deflating res/color/abc_primary_text_material_dark.xml
[DEBUG]  Deflating res/color/abc_primary_text_material_light.xml
[DEBUG]  Deflating res/color/abc_search_url_text.xml
[DEBUG]  Deflating res/color/abc_secondary_text_material_dark.xml
[DEBUG]  Deflating res/color/abc_secondary_text_material_light.xml
[DEBUG]  Deflating res/color/switch_thumb_material_dark.xml
[DEBUG]  Deflating res/color/switch_thumb_material_light.xml
[DEBUG]  Adding res/drawable-hdpi-v4/abc_ab_share_pack_mtrl_alpha.9.png
[DEBUG]  Adding res/drawable-hdpi-v4/abc_btn_check_to_on_mtrl_000.png
[DEBUG]  Adding res/drawable-hdpi-v4/abc_btn_check_to_on_mtrl_015.png
[DEBUG]  Adding res/drawable-hdpi-v4/abc_btn_radio_to_on_mtrl_000.png
[DEBUG]  Adding res/drawable-hdpi-v4/abc_btn_radio_to_on_mtrl_015.png
[DEBUG]  Adding res/drawable-hdpi-v4/abc_btn_rating_star_off_mtrl_alpha.png
[DEBUG]  Adding res/drawable-hdpi-v4/abc_btn_rating_star_on_mtrl_alpha.png
[DEBUG]  Adding res/drawable-hdpi-v4/abc_btn_switch_to_on_mtrl_00001.9.png
[DEBUG]  Adding res/drawable-hdpi-v4/abc_btn_switch_to_on_mtrl_00012.9.png
[DEBUG]  Adding res/drawable-hdpi-v4/abc_cab_background_top_mtrl_alpha.9.png
[DEBUG]  Adding res/drawable-hdpi-v4/abc_ic_ab_back_mtrl_am_alpha.png
[DEBUG]  Adding res/drawable-hdpi-v4/abc_ic_clear_mtrl_alpha.png
[DEBUG]  Adding res/drawable-hdpi-v4/abc_ic_commit_search_api_mtrl_alpha.png
[DEBUG]  Adding res/drawable-hdpi-v4/abc_ic_go_search_api_mtrl_alpha.png
[DEBUG]  Adding res/drawable-hdpi-v4/abc_ic_menu_copy_mtrl_am_alpha.png
[DEBUG]  Adding res/drawable-hdpi-v4/abc_ic_menu_cut_mtrl_alpha.png
[DEBUG]  Adding res/drawable-hdpi-v4/abc_ic_menu_moreoverflow_mtrl_alpha.png
[DEBUG]  Adding res/drawable-hdpi-v4/abc_ic_menu_paste_mtrl_am_alpha.png
[DEBUG]  Adding res/drawable-hdpi-v4/abc_ic_menu_selectall_mtrl_alpha.png
[DEBUG]  Adding res/drawable-hdpi-v4/abc_ic_menu_share_mtrl_alpha.png
[DEBUG]  Adding res/drawable-hdpi-v4/abc_ic_search_api_mtrl_alpha.png
[DEBUG]  Adding res/drawable-hdpi-v4/abc_ic_voice_search_api_mtrl_alpha.png
[DEBUG]  Adding res/drawable-hdpi-v4/abc_list_divider_mtrl_alpha.9.png
[DEBUG]  Adding res/drawable-hdpi-v4/abc_list_focused_holo.9.png
[DEBUG]  Adding res/drawable-hdpi-v4/abc_list_longpressed_holo.9.png
[DEBUG]  Adding res/drawable-hdpi-v4/abc_list_pressed_holo_dark.9.png
[DEBUG]  Adding res/drawable-hdpi-v4/abc_list_pressed_holo_light.9.png
[DEBUG]  Adding res/drawable-hdpi-v4/abc_list_selector_disabled_holo_dark.9.png
[DEBUG]  Adding res/drawable-hdpi-v4/abc_list_selector_disabled_holo_light.9.png
[DEBUG]  Adding res/drawable-hdpi-v4/abc_menu_hardkey_panel_mtrl_mult.9.png
[DEBUG]  Adding res/drawable-hdpi-v4/abc_popup_background_mtrl_mult.9.png
[DEBUG]  Adding res/drawable-hdpi-v4/abc_spinner_mtrl_am_alpha.9.png
[DEBUG]  Adding res/drawable-hdpi-v4/abc_switch_track_mtrl_alpha.9.png
[DEBUG]  Adding res/drawable-hdpi-v4/abc_tab_indicator_mtrl_alpha.9.png
[DEBUG]  Adding res/drawable-hdpi-v4/abc_textfield_activated_mtrl_alpha.9.png
[DEBUG]  Adding res/drawable-hdpi-v4/abc_textfield_default_mtrl_alpha.9.png
[DEBUG]  Adding res/drawable-hdpi-v4/abc_textfield_search_activated_mtrl_alpha.9.png
[DEBUG]  Adding res/drawable-hdpi-v4/abc_textfield_search_default_mtrl_alpha.9.png
[DEBUG]  Adding res/drawable-ldrtl-hdpi-v4/abc_ic_ab_back_mtrl_am_alpha.png
[DEBUG]  Adding res/drawable-ldrtl-hdpi-v4/abc_ic_menu_copy_mtrl_am_alpha.png
[DEBUG]  Adding res/drawable-ldrtl-hdpi-v4/abc_ic_menu_cut_mtrl_alpha.png
[DEBUG]  Adding res/drawable-ldrtl-hdpi-v4/abc_spinner_mtrl_am_alpha.9.png
[DEBUG]  Adding res/drawable-ldrtl-mdpi-v4/abc_ic_ab_back_mtrl_am_alpha.png
[DEBUG]  Adding res/drawable-ldrtl-mdpi-v4/abc_ic_menu_copy_mtrl_am_alpha.png
[DEBUG]  Adding res/drawable-ldrtl-mdpi-v4/abc_ic_menu_cut_mtrl_alpha.png
[DEBUG]  Adding res/drawable-ldrtl-mdpi-v4/abc_spinner_mtrl_am_alpha.9.png
[DEBUG]  Adding res/drawable-ldrtl-xhdpi-v4/abc_ic_ab_back_mtrl_am_alpha.png
[DEBUG]  Adding res/drawable-ldrtl-xhdpi-v4/abc_ic_menu_copy_mtrl_am_alpha.png
[DEBUG]  Adding res/drawable-ldrtl-xhdpi-v4/abc_ic_menu_cut_mtrl_alpha.png
[DEBUG]  Adding res/drawable-ldrtl-xhdpi-v4/abc_spinner_mtrl_am_alpha.9.png
[DEBUG]  Adding res/drawable-ldrtl-xxhdpi-v4/abc_ic_ab_back_mtrl_am_alpha.png
[DEBUG]  Adding res/drawable-ldrtl-xxhdpi-v4/abc_ic_menu_copy_mtrl_am_alpha.png
[DEBUG]  Adding res/drawable-ldrtl-xxhdpi-v4/abc_ic_menu_cut_mtrl_alpha.png
[DEBUG]  Adding res/drawable-ldrtl-xxhdpi-v4/abc_spinner_mtrl_am_alpha.9.png
[DEBUG]  Adding res/drawable-ldrtl-xxxhdpi-v4/abc_ic_ab_back_mtrl_am_alpha.png
[DEBUG]  Adding res/drawable-ldrtl-xxxhdpi-v4/abc_ic_menu_copy_mtrl_am_alpha.png
[DEBUG]  Adding res/drawable-ldrtl-xxxhdpi-v4/abc_ic_menu_cut_mtrl_alpha.png
[DEBUG]  Adding res/drawable-ldrtl-xxxhdpi-v4/abc_spinner_mtrl_am_alpha.9.png
[DEBUG]  Adding res/drawable-long-land-hdpi-v4/background.png
[DEBUG]  Adding res/drawable-long-land-ldpi-v4/background.png
[DEBUG]  Adding res/drawable-long-port-hdpi-v4/background.png
[DEBUG]  Adding res/drawable-long-port-ldpi-v4/background.png
[DEBUG]  Adding res/drawable-mdpi-v4/abc_ab_share_pack_mtrl_alpha.9.png
[DEBUG]  Adding res/drawable-mdpi-v4/abc_btn_check_to_on_mtrl_000.png
[DEBUG]  Adding res/drawable-mdpi-v4/abc_btn_check_to_on_mtrl_015.png
[DEBUG]  Adding res/drawable-mdpi-v4/abc_btn_radio_to_on_mtrl_000.png
[DEBUG]  Adding res/drawable-mdpi-v4/abc_btn_radio_to_on_mtrl_015.png
[DEBUG]  Adding res/drawable-mdpi-v4/abc_btn_rating_star_off_mtrl_alpha.png
[DEBUG]  Adding res/drawable-mdpi-v4/abc_btn_rating_star_on_mtrl_alpha.png
[DEBUG]  Adding res/drawable-mdpi-v4/abc_btn_switch_to_on_mtrl_00001.9.png
[DEBUG]  Adding res/drawable-mdpi-v4/abc_btn_switch_to_on_mtrl_00012.9.png
[DEBUG]  Adding res/drawable-mdpi-v4/abc_cab_background_top_mtrl_alpha.9.png
[DEBUG]  Adding res/drawable-mdpi-v4/abc_ic_ab_back_mtrl_am_alpha.png
[DEBUG]  Adding res/drawable-mdpi-v4/abc_ic_clear_mtrl_alpha.png
[DEBUG]  Adding res/drawable-mdpi-v4/abc_ic_commit_search_api_mtrl_alpha.png
[DEBUG]  Adding res/drawable-mdpi-v4/abc_ic_go_search_api_mtrl_alpha.png
[DEBUG]  Adding res/drawable-mdpi-v4/abc_ic_menu_copy_mtrl_am_alpha.png
[DEBUG]  Adding res/drawable-mdpi-v4/abc_ic_menu_cut_mtrl_alpha.png
[DEBUG]  Adding res/drawable-mdpi-v4/abc_ic_menu_moreoverflow_mtrl_alpha.png
[DEBUG]  Adding res/drawable-mdpi-v4/abc_ic_menu_paste_mtrl_am_alpha.png
[DEBUG]  Adding res/drawable-mdpi-v4/abc_ic_menu_selectall_mtrl_alpha.png
[DEBUG]  Adding res/drawable-mdpi-v4/abc_ic_menu_share_mtrl_alpha.png
[DEBUG]  Adding res/drawable-mdpi-v4/abc_ic_search_api_mtrl_alpha.png
[DEBUG]  Adding res/drawable-mdpi-v4/abc_ic_voice_search_api_mtrl_alpha.png
[DEBUG]  Adding res/drawable-mdpi-v4/abc_list_divider_mtrl_alpha.9.png
[DEBUG]  Adding res/drawable-mdpi-v4/abc_list_focused_holo.9.png
[DEBUG]  Adding res/drawable-mdpi-v4/abc_list_longpressed_holo.9.png
[DEBUG]  Adding res/drawable-mdpi-v4/abc_list_pressed_holo_dark.9.png
[DEBUG]  Adding res/drawable-mdpi-v4/abc_list_pressed_holo_light.9.png
[DEBUG]  Adding res/drawable-mdpi-v4/abc_list_selector_disabled_holo_dark.9.png
[DEBUG]  Adding res/drawable-mdpi-v4/abc_list_selector_disabled_holo_light.9.png
[DEBUG]  Adding res/drawable-mdpi-v4/abc_menu_hardkey_panel_mtrl_mult.9.png
[DEBUG]  Adding res/drawable-mdpi-v4/abc_popup_background_mtrl_mult.9.png
[DEBUG]  Adding res/drawable-mdpi-v4/abc_spinner_mtrl_am_alpha.9.png
[DEBUG]  Adding res/drawable-mdpi-v4/abc_switch_track_mtrl_alpha.9.png
[DEBUG]  Adding res/drawable-mdpi-v4/abc_tab_indicator_mtrl_alpha.9.png
[DEBUG]  Adding res/drawable-mdpi-v4/abc_textfield_activated_mtrl_alpha.9.png
[DEBUG]  Adding res/drawable-mdpi-v4/abc_textfield_default_mtrl_alpha.9.png
[DEBUG]  Adding res/drawable-mdpi-v4/abc_textfield_search_activated_mtrl_alpha.9.png
[DEBUG]  Adding res/drawable-mdpi-v4/abc_textfield_search_default_mtrl_alpha.9.png
[DEBUG]  Adding res/drawable-notlong-land-hdpi-v4/background.png
[DEBUG]  Adding res/drawable-notlong-land-ldpi-v4/background.png
[DEBUG]  Adding res/drawable-notlong-land-mdpi-v4/background.png
[DEBUG]  Adding res/drawable-notlong-port-hdpi-v4/background.png
[DEBUG]  Adding res/drawable-notlong-port-ldpi-v4/background.png
[DEBUG]  Adding res/drawable-notlong-port-mdpi-v4/background.png
[DEBUG]  Deflating res/drawable-v21/abc_action_bar_item_background_material.xml
[DEBUG]  Deflating res/drawable-v21/abc_btn_colored_material.xml
[DEBUG]  Deflating res/drawable-v23/abc_control_background_material.xml
[DEBUG]  Adding res/drawable-xhdpi-v4/abc_ab_share_pack_mtrl_alpha.9.png
[DEBUG]  Adding res/drawable-xhdpi-v4/abc_btn_check_to_on_mtrl_000.png
[DEBUG]  Adding res/drawable-xhdpi-v4/abc_btn_check_to_on_mtrl_015.png
[DEBUG]  Adding res/drawable-xhdpi-v4/abc_btn_radio_to_on_mtrl_000.png
[DEBUG]  Adding res/drawable-xhdpi-v4/abc_btn_radio_to_on_mtrl_015.png
[DEBUG]  Adding res/drawable-xhdpi-v4/abc_btn_rating_star_off_mtrl_alpha.png
[DEBUG]  Adding res/drawable-xhdpi-v4/abc_btn_rating_star_on_mtrl_alpha.png
[DEBUG]  Adding res/drawable-xhdpi-v4/abc_btn_switch_to_on_mtrl_00001.9.png
[DEBUG]  Adding res/drawable-xhdpi-v4/abc_btn_switch_to_on_mtrl_00012.9.png
[DEBUG]  Adding res/drawable-xhdpi-v4/abc_cab_background_top_mtrl_alpha.9.png
[DEBUG]  Adding res/drawable-xhdpi-v4/abc_ic_ab_back_mtrl_am_alpha.png
[DEBUG]  Adding res/drawable-xhdpi-v4/abc_ic_clear_mtrl_alpha.png
[DEBUG]  Adding res/drawable-xhdpi-v4/abc_ic_commit_search_api_mtrl_alpha.png
[DEBUG]  Adding res/drawable-xhdpi-v4/abc_ic_go_search_api_mtrl_alpha.png
[DEBUG]  Adding res/drawable-xhdpi-v4/abc_ic_menu_copy_mtrl_am_alpha.png
[DEBUG]  Adding res/drawable-xhdpi-v4/abc_ic_menu_cut_mtrl_alpha.png
[DEBUG]  Adding res/drawable-xhdpi-v4/abc_ic_menu_moreoverflow_mtrl_alpha.png
[DEBUG]  Adding res/drawable-xhdpi-v4/abc_ic_menu_paste_mtrl_am_alpha.png
[DEBUG]  Adding res/drawable-xhdpi-v4/abc_ic_menu_selectall_mtrl_alpha.png
[DEBUG]  Adding res/drawable-xhdpi-v4/abc_ic_menu_share_mtrl_alpha.png
[DEBUG]  Adding res/drawable-xhdpi-v4/abc_ic_search_api_mtrl_alpha.png
[DEBUG]  Adding res/drawable-xhdpi-v4/abc_ic_voice_search_api_mtrl_alpha.png
[DEBUG]  Adding res/drawable-xhdpi-v4/abc_list_divider_mtrl_alpha.9.png
[DEBUG]  Adding res/drawable-xhdpi-v4/abc_list_focused_holo.9.png
[DEBUG]  Adding res/drawable-xhdpi-v4/abc_list_longpressed_holo.9.png
[DEBUG]  Adding res/drawable-xhdpi-v4/abc_list_pressed_holo_dark.9.png
[DEBUG]  Adding res/drawable-xhdpi-v4/abc_list_pressed_holo_light.9.png
[DEBUG]  Adding res/drawable-xhdpi-v4/abc_list_selector_disabled_holo_dark.9.png
[DEBUG]  Adding res/drawable-xhdpi-v4/abc_list_selector_disabled_holo_light.9.png
[DEBUG]  Adding res/drawable-xhdpi-v4/abc_menu_hardkey_panel_mtrl_mult.9.png
[DEBUG]  Adding res/drawable-xhdpi-v4/abc_popup_background_mtrl_mult.9.png
[DEBUG]  Adding res/drawable-xhdpi-v4/abc_spinner_mtrl_am_alpha.9.png
[DEBUG]  Adding res/drawable-xhdpi-v4/abc_switch_track_mtrl_alpha.9.png
[DEBUG]  Adding res/drawable-xhdpi-v4/abc_tab_indicator_mtrl_alpha.9.png
[DEBUG]  Adding res/drawable-xhdpi-v4/abc_textfield_activated_mtrl_alpha.9.png
[DEBUG]  Adding res/drawable-xhdpi-v4/abc_textfield_default_mtrl_alpha.9.png
[DEBUG]  Adding res/drawable-xhdpi-v4/abc_textfield_search_activated_mtrl_alpha.9.png
[DEBUG]  Adding res/drawable-xhdpi-v4/abc_textfield_search_default_mtrl_alpha.9.png
[DEBUG]  Adding res/drawable-xxhdpi-v4/abc_ab_share_pack_mtrl_alpha.9.png
[DEBUG]  Adding res/drawable-xxhdpi-v4/abc_btn_check_to_on_mtrl_000.png
[DEBUG]  Adding res/drawable-xxhdpi-v4/abc_btn_check_to_on_mtrl_015.png
[DEBUG]  Adding res/drawable-xxhdpi-v4/abc_btn_radio_to_on_mtrl_000.png
[DEBUG]  Adding res/drawable-xxhdpi-v4/abc_btn_radio_to_on_mtrl_015.png
[DEBUG]  Adding res/drawable-xxhdpi-v4/abc_btn_rating_star_off_mtrl_alpha.png
[DEBUG]  Adding res/drawable-xxhdpi-v4/abc_btn_rating_star_on_mtrl_alpha.png
[DEBUG]  Adding res/drawable-xxhdpi-v4/abc_btn_switch_to_on_mtrl_00001.9.png
[DEBUG]  Adding res/drawable-xxhdpi-v4/abc_btn_switch_to_on_mtrl_00012.9.png
[DEBUG]  Adding res/drawable-xxhdpi-v4/abc_cab_background_top_mtrl_alpha.9.png
[DEBUG]  Adding res/drawable-xxhdpi-v4/abc_ic_ab_back_mtrl_am_alpha.png
[DEBUG]  Adding res/drawable-xxhdpi-v4/abc_ic_clear_mtrl_alpha.png
[DEBUG]  Adding res/drawable-xxhdpi-v4/abc_ic_commit_search_api_mtrl_alpha.png
[DEBUG]  Adding res/drawable-xxhdpi-v4/abc_ic_go_search_api_mtrl_alpha.png
[DEBUG]  Adding res/drawable-xxhdpi-v4/abc_ic_menu_copy_mtrl_am_alpha.png
[DEBUG]  Adding res/drawable-xxhdpi-v4/abc_ic_menu_cut_mtrl_alpha.png
[DEBUG]  Adding res/drawable-xxhdpi-v4/abc_ic_menu_moreoverflow_mtrl_alpha.png
[DEBUG]  Adding res/drawable-xxhdpi-v4/abc_ic_menu_paste_mtrl_am_alpha.png
[DEBUG]  Adding res/drawable-xxhdpi-v4/abc_ic_menu_selectall_mtrl_alpha.png
[DEBUG]  Adding res/drawable-xxhdpi-v4/abc_ic_menu_share_mtrl_alpha.png
[DEBUG]  Adding res/drawable-xxhdpi-v4/abc_ic_search_api_mtrl_alpha.png
[DEBUG]  Adding res/drawable-xxhdpi-v4/abc_ic_voice_search_api_mtrl_alpha.png
[DEBUG]  Adding res/drawable-xxhdpi-v4/abc_list_divider_mtrl_alpha.9.png
[DEBUG]  Adding res/drawable-xxhdpi-v4/abc_list_focused_holo.9.png
[DEBUG]  Adding res/drawable-xxhdpi-v4/abc_list_longpressed_holo.9.png
[DEBUG]  Adding res/drawable-xxhdpi-v4/abc_list_pressed_holo_dark.9.png
[DEBUG]  Adding res/drawable-xxhdpi-v4/abc_list_pressed_holo_light.9.png
[DEBUG]  Adding res/drawable-xxhdpi-v4/abc_list_selector_disabled_holo_dark.9.png
[DEBUG]  Adding res/drawable-xxhdpi-v4/abc_list_selector_disabled_holo_light.9.png
[DEBUG]  Adding res/drawable-xxhdpi-v4/abc_menu_hardkey_panel_mtrl_mult.9.png
[DEBUG]  Adding res/drawable-xxhdpi-v4/abc_popup_background_mtrl_mult.9.png
[DEBUG]  Adding res/drawable-xxhdpi-v4/abc_spinner_mtrl_am_alpha.9.png
[DEBUG]  Adding res/drawable-xxhdpi-v4/abc_switch_track_mtrl_alpha.9.png
[DEBUG]  Adding res/drawable-xxhdpi-v4/abc_tab_indicator_mtrl_alpha.9.png
[DEBUG]  Adding res/drawable-xxhdpi-v4/abc_textfield_activated_mtrl_alpha.9.png
[DEBUG]  Adding res/drawable-xxhdpi-v4/abc_textfield_default_mtrl_alpha.9.png
[DEBUG]  Adding res/drawable-xxhdpi-v4/abc_textfield_search_activated_mtrl_alpha.9.png
[DEBUG]  Adding res/drawable-xxhdpi-v4/abc_textfield_search_default_mtrl_alpha.9.png
[DEBUG]  Adding res/drawable-xxxhdpi-v4/abc_btn_check_to_on_mtrl_000.png
[DEBUG]  Adding res/drawable-xxxhdpi-v4/abc_btn_check_to_on_mtrl_015.png
[DEBUG]  Adding res/drawable-xxxhdpi-v4/abc_btn_radio_to_on_mtrl_000.png
[DEBUG]  Adding res/drawable-xxxhdpi-v4/abc_btn_radio_to_on_mtrl_015.png
[DEBUG]  Adding res/drawable-xxxhdpi-v4/abc_btn_switch_to_on_mtrl_00001.9.png
[DEBUG]  Adding res/drawable-xxxhdpi-v4/abc_btn_switch_to_on_mtrl_00012.9.png
[DEBUG]  Adding res/drawable-xxxhdpi-v4/abc_ic_ab_back_mtrl_am_alpha.png
[DEBUG]  Adding res/drawable-xxxhdpi-v4/abc_ic_clear_mtrl_alpha.png
[DEBUG]  Adding res/drawable-xxxhdpi-v4/abc_ic_menu_copy_mtrl_am_alpha.png
[DEBUG]  Adding res/drawable-xxxhdpi-v4/abc_ic_menu_cut_mtrl_alpha.png
[DEBUG]  Adding res/drawable-xxxhdpi-v4/abc_ic_menu_moreoverflow_mtrl_alpha.png
[DEBUG]  Adding res/drawable-xxxhdpi-v4/abc_ic_menu_paste_mtrl_am_alpha.png
[DEBUG]  Adding res/drawable-xxxhdpi-v4/abc_ic_menu_selectall_mtrl_alpha.png
[DEBUG]  Adding res/drawable-xxxhdpi-v4/abc_ic_menu_share_mtrl_alpha.png
[DEBUG]  Adding res/drawable-xxxhdpi-v4/abc_ic_search_api_mtrl_alpha.png
[DEBUG]  Adding res/drawable-xxxhdpi-v4/abc_ic_voice_search_api_mtrl_alpha.png
[DEBUG]  Adding res/drawable-xxxhdpi-v4/abc_spinner_mtrl_am_alpha.9.png
[DEBUG]  Adding res/drawable-xxxhdpi-v4/abc_switch_track_mtrl_alpha.9.png
[DEBUG]  Adding res/drawable-xxxhdpi-v4/abc_tab_indicator_mtrl_alpha.9.png
[DEBUG]  Deflating res/drawable/abc_btn_borderless_material.xml
[DEBUG]  Deflating res/drawable/abc_btn_check_material.xml
[DEBUG]  Deflating res/drawable/abc_btn_colored_material.xml
[DEBUG]  Deflating res/drawable/abc_btn_default_mtrl_shape.xml
[DEBUG]  Deflating res/drawable/abc_btn_radio_material.xml
[DEBUG]  Deflating res/drawable/abc_cab_background_internal_bg.xml
[DEBUG]  Deflating res/drawable/abc_cab_background_top_material.xml
[DEBUG]  Deflating res/drawable/abc_dialog_material_background_dark.xml
[DEBUG]  Deflating res/drawable/abc_dialog_material_background_light.xml
[DEBUG]  Deflating res/drawable/abc_edit_text_material.xml
[DEBUG]  Deflating res/drawable/abc_item_background_holo_dark.xml
[DEBUG]  Deflating res/drawable/abc_item_background_holo_light.xml
[DEBUG]  Deflating res/drawable/abc_list_selector_background_transition_holo_dark.xml
[DEBUG]  Deflating res/drawable/abc_list_selector_background_transition_holo_light.xml
[DEBUG]  Deflating res/drawable/abc_list_selector_holo_dark.xml
[DEBUG]  Deflating res/drawable/abc_list_selector_holo_light.xml
[DEBUG]  Deflating res/drawable/abc_ratingbar_full_material.xml
[DEBUG]  Deflating res/drawable/abc_spinner_textfield_background_material.xml
[DEBUG]  Deflating res/drawable/abc_switch_thumb_material.xml
[DEBUG]  Deflating res/drawable/abc_tab_indicator_material.xml
[DEBUG]  Deflating res/drawable/abc_text_cursor_material.xml
[DEBUG]  Deflating res/drawable/abc_textfield_search_material.xml
[DEBUG]  Adding res/drawable/appicon.png
[DEBUG]  Adding res/drawable/background.png
[DEBUG]  Adding res/drawable/btn_check_buttonless_on_64.png
[DEBUG]  Adding res/drawable/btn_more_64.png
[DEBUG]  Adding res/drawable/disclosure_64.png
[DEBUG]  Deflating res/layout-v17/abc_alert_dialog_material.xml
[DEBUG]  Deflating res/layout-v17/abc_dialog_title_material.xml
[DEBUG]  Deflating res/layout-v17/abc_search_view.xml
[DEBUG]  Deflating res/layout-v17/notification_template_big_media.xml
[DEBUG]  Deflating res/layout-v17/notification_template_big_media_narrow.xml
[DEBUG]  Deflating res/layout-v17/notification_template_lines.xml
[DEBUG]  Deflating res/layout-v17/notification_template_media.xml
[DEBUG]  Deflating res/layout-v17/notification_template_part_chronometer.xml
[DEBUG]  Deflating res/layout-v17/notification_template_part_time.xml
[DEBUG]  Deflating res/layout-v21/abc_screen_toolbar.xml
[DEBUG]  Deflating res/layout-v21/titanium_ui_date_picker_spinner.xml
[DEBUG]  Deflating res/layout-v21/titanium_ui_time_picker_spinner.xml
[DEBUG]  Deflating res/layout/abc_action_bar_title_item.xml
[DEBUG]  Deflating res/layout/abc_action_bar_up_container.xml
[DEBUG]  Deflating res/layout/abc_action_bar_view_list_nav_layout.xml
[DEBUG]  Deflating res/layout/abc_action_menu_item_layout.xml
[DEBUG]  Deflating res/layout/abc_action_menu_layout.xml
[DEBUG]  Deflating res/layout/abc_action_mode_bar.xml
[DEBUG]  Deflating res/layout/abc_action_mode_close_item_material.xml
[DEBUG]  Deflating res/layout/abc_activity_chooser_view.xml
[DEBUG]  Deflating res/layout/abc_activity_chooser_view_list_item.xml
[DEBUG]  Deflating res/layout/abc_alert_dialog_material.xml
[DEBUG]  Deflating res/layout/abc_dialog_title_material.xml
[DEBUG]  Deflating res/layout/abc_expanded_menu_layout.xml
[DEBUG]  Deflating res/layout/abc_list_menu_item_checkbox.xml
[DEBUG]  Deflating res/layout/abc_list_menu_item_icon.xml
[DEBUG]  Deflating res/layout/abc_list_menu_item_layout.xml
[DEBUG]  Deflating res/layout/abc_list_menu_item_radio.xml
[DEBUG]  Deflating res/layout/abc_popup_menu_item_layout.xml
[DEBUG]  Deflating res/layout/abc_screen_content_include.xml
[DEBUG]  Deflating res/layout/abc_screen_simple.xml
[DEBUG]  Deflating res/layout/abc_screen_simple_overlay_action_mode.xml
[DEBUG]  Deflating res/layout/abc_screen_toolbar.xml
[DEBUG]  Deflating res/layout/abc_search_dropdown_item_icons_2line.xml
[DEBUG]  Deflating res/layout/abc_search_view.xml
[DEBUG]  Deflating res/layout/abc_select_dialog_material.xml
[DEBUG]  Deflating res/layout/notification_media_action.xml
[DEBUG]  Deflating res/layout/notification_media_cancel_action.xml
[DEBUG]  Deflating res/layout/notification_template_big_media.xml
[DEBUG]  Deflating res/layout/notification_template_big_media_narrow.xml
[DEBUG]  Deflating res/layout/notification_template_lines.xml
[DEBUG]  Deflating res/layout/notification_template_media.xml
[DEBUG]  Deflating res/layout/notification_template_part_chronometer.xml
[DEBUG]  Deflating res/layout/notification_template_part_time.xml
[DEBUG]  Deflating res/layout/select_dialog_item_material.xml
[DEBUG]  Deflating res/layout/select_dialog_multichoice_material.xml
[DEBUG]  Deflating res/layout/select_dialog_singlechoice_material.xml
[DEBUG]  Deflating res/layout/support_simple_spinner_dropdown_item.xml
[DEBUG]  Deflating res/layout/titanium_tabgroup.xml
[DEBUG]  Deflating res/layout/titanium_ui_checkbox.xml
[DEBUG]  Deflating res/layout/titanium_ui_date_picker_spinner.xml
[DEBUG]  Deflating res/layout/titanium_ui_edittext.xml
[DEBUG]  Deflating res/layout/titanium_ui_list_header_or_footer.xml
[DEBUG]  Deflating res/layout/titanium_ui_list_item.xml
[DEBUG]  Deflating res/layout/titanium_ui_spinner.xml
[DEBUG]  Deflating res/layout/titanium_ui_switchcompat.xml
[DEBUG]  Deflating res/layout/titanium_ui_time_picker_spinner.xml
[DEBUG]  Deflating resources.arsc
[DEBUG]  Processing /Users/PUNEET/Library/Application Support/Titanium/mobilesdk/osx/5.1.1.GA/android/kroll-v8.jar
[DEBUG]  Processing /Users/PUNEET/Library/Application Support/Titanium/mobilesdk/osx/5.1.1.GA/android/modules/titanium-analytics.jar
[DEBUG]  Processing /Users/PUNEET/Library/Application Support/Titanium/mobilesdk/osx/5.1.1.GA/android/aps-analytics.jar
[DEBUG]  Processing /Users/PUNEET/Library/Application Support/Titanium/mobilesdk/osx/5.1.1.GA/android/modules/titanium-android.jar
[DEBUG]  Processing /Users/PUNEET/Library/Application Support/Titanium/mobilesdk/osx/5.1.1.GA/android/jaxen-1.1.1.jar
[DEBUG]  Processing /Users/PUNEET/Library/Application Support/Titanium/mobilesdk/osx/5.1.1.GA/android/ti-commons-codec-1.3.jar
[DEBUG]  Processing /Users/PUNEET/Library/Application Support/Titanium/mobilesdk/osx/5.1.1.GA/android/kroll-common.jar
[DEBUG]  Processing /Users/PUNEET/Library/Application Support/Titanium/mobilesdk/osx/5.1.1.GA/android/titanium.jar
[DEBUG]  Deflating org/appcelerator/titanium/build.properties
[DEBUG]  Adding org/appcelerator/titanium/res/drawable/background.png
[DEBUG]  Adding org/appcelerator/titanium/res/drawable/btn_check_buttonless_on.png
[DEBUG]  Adding org/appcelerator/titanium/res/drawable/btn_check_buttonless_on_100.png
[DEBUG]  Adding org/appcelerator/titanium/res/drawable/btn_check_buttonless_on_18.png
[DEBUG]  Adding org/appcelerator/titanium/res/drawable/btn_check_buttonless_on_48.png
[DEBUG]  Adding org/appcelerator/titanium/res/drawable/btn_check_buttonless_on_64.png
[DEBUG]  Adding org/appcelerator/titanium/res/drawable/btn_more.png
[DEBUG]  Adding org/appcelerator/titanium/res/drawable/btn_more_100.png
[DEBUG]  Adding org/appcelerator/titanium/res/drawable/btn_more_18.png
[DEBUG]  Adding org/appcelerator/titanium/res/drawable/btn_more_48.png
[DEBUG]  Adding org/appcelerator/titanium/res/drawable/btn_more_64.png
[DEBUG]  Adding org/appcelerator/titanium/res/drawable/btn_picker_normal.9.png
[DEBUG]  Adding org/appcelerator/titanium/res/drawable/btn_picker_pressed.9.png
[DEBUG]  Adding org/appcelerator/titanium/res/drawable/btn_picker_selected.9.png
[DEBUG]  Adding org/appcelerator/titanium/res/drawable/default_icon.png
[DEBUG]  Adding org/appcelerator/titanium/res/drawable/photoDefault.png
[DEBUG]  Processing /Users/PUNEET/Library/Application Support/Titanium/mobilesdk/osx/5.1.1.GA/android/modules/titanium-app.jar
[DEBUG]  Processing /Users/PUNEET/Library/Application Support/Titanium/mobilesdk/osx/5.1.1.GA/android/modules/titanium-ui.jar
[DEBUG]  Deflating ti/modules/titanium/ui/widget/webview/binding.js
[DEBUG]  Deflating ti/modules/titanium/ui/widget/webview/binding.min.js
[DEBUG]  Deflating ti/modules/titanium/ui/widget/webview/json2.js
[DEBUG]  Deflating ti/modules/titanium/ui/widget/webview/polling.js
[DEBUG]  Deflating ti/modules/titanium/ui/widget/webview/polling.min.js
[DEBUG]  Processing /Users/PUNEET/Library/Application Support/Titanium/mobilesdk/osx/5.1.1.GA/android/nineoldandroids-appc-2.4.0.jar
[DEBUG]  Processing /Users/PUNEET/Library/Application Support/Titanium/mobilesdk/osx/5.1.1.GA/android/modules/titanium-filesystem.jar
[DEBUG]  Processing /Users/PUNEET/Library/Application Support/Titanium/mobilesdk/osx/5.1.1.GA/android/modules/titanium-media.jar
[DEBUG]  Processing /Users/PUNEET/Library/Application Support/Titanium/mobilesdk/osx/5.1.1.GA/android/modules/titanium-appcompat.jar
[DEBUG]  Processing /Users/PUNEET/Library/Application Support/Titanium/mobilesdk/osx/5.1.1.GA/android/android-support-v4.jar
[DEBUG]  Processing /Users/PUNEET/Library/Application Support/Titanium/mobilesdk/osx/5.1.1.GA/android/android-support-v7-appcompat.jar
[DEBUG]  Processing /Users/PUNEET/Library/Application Support/Titanium/mobilesdk/osx/5.1.1.GA/android/modules/titanium-cardview.jar
[DEBUG]  Processing /Users/PUNEET/Library/Application Support/Titanium/mobilesdk/osx/5.1.1.GA/android/cardview-v7-23.0.1.jar
[DEBUG]  Processing /Users/PUNEET/Library/Application Support/Titanium/mobilesdk/osx/5.1.1.GA/android/modules/titanium-locale.jar
[DEBUG]  Processing /Users/PUNEET/Library/Application Support/Titanium/mobilesdk/osx/5.1.1.GA/android/modules/titanium-network.jar
[DEBUG]  Processing /Users/PUNEET/Library/Application Support/Titanium/mobilesdk/osx/5.1.1.GA/android/modules/titanium-xml.jar
[DEBUG]  Processing /Users/PUNEET/Library/Application Support/Titanium/mobilesdk/osx/5.1.1.GA/android/modules/titanium-platform.jar
[DEBUG]  Adding classes.dex
[INFO]   Processing /Users/PUNEET/Documents/Appcelerator_Studio_Workspace/container/build/android/src
[DEBUG]  Adding lib/armeabi/libkroll-v8.so
[DEBUG]  Adding lib/armeabi/libstlport_shared.so
[DEBUG]  Adding lib/armeabi/libtiverify.so
[DEBUG]  Adding lib/armeabi-v7a/libkroll-v8.so
[DEBUG]  Adding lib/armeabi-v7a/libstlport_shared.so
[DEBUG]  Adding lib/armeabi-v7a/libtiverify.so
[DEBUG]  Adding lib/x86/libkroll-v8.so
[DEBUG]  Adding lib/x86/libstlport_shared.so
[DEBUG]  Adding lib/x86/libtiverify.so
[INFO]   Writing unsigned apk: /Users/PUNEET/Documents/Appcelerator_Studio_Workspace/container/build/android/bin/app-unsigned.apk
[INFO]   Using MD5withRSA signature algorithm
[INFO]   Signing apk: /Library/Java/JavaVirtualMachines/jdk1.7.0_80.jdk/Contents/Home/bin/jarsigner "-sigalg" "MD5withRSA" "-digestalg" "SHA1" "-keystore" "/Users/PUNEET/Library/Application Support/Titanium/mobilesdk/osx/5.1.1.GA/android/dev_keystore" "-storepass" "*******" "-signedjar" "/Users/PUNEET/Documents/Appcelerator_Studio_Workspace/container/build/android/bin/container.apk" "/Users/PUNEET/Documents/Appcelerator_Studio_Workspace/container/build/android/bin/app-unsigned.apk" "tidev"
[INFO]   Aligning zip file: /Users/PUNEET/Desktop/android-sdk-macosx/build-tools/23.0.3/zipalign "-v" "4" "/Users/PUNEET/Documents/Appcelerator_Studio_Workspace/container/build/android/bin/container.apk" "/Users/PUNEET/Documents/Appcelerator_Studio_Workspace/container/build/android/bin/container.apkz"
[INFO]   Writing build manifest: /Users/PUNEET/Documents/Appcelerator_Studio_Workspace/container/build/android/build-manifest.json
[INFO]   Making sure the adb server is running
[INFO]   Installing apk: /Users/PUNEET/Documents/Appcelerator_Studio_Workspace/container/build/android/bin/container.apk
[INFO]   Installing app on device: SM-N910G
[TRACE]  Checking if package manager service is started
[TRACE]  Package manager has started
[TRACE]  Executing: /Users/PUNEET/Desktop/android-sdk-macosx/platform-tools/adb -s 6448ceeb install -r /Users/PUNEET/Documents/Appcelerator_Studio_Workspace/container/build/android/bin/container.apk
[INFO]   App successfully installed
[INFO]   Starting app: com.bindra.com/.ContainerActivity
[DEBUG]  Trying to start the app...
[INFO]   Application pid: 24460
[INFO]   Project built successfully in 1m 16s 892ms
